{
  "0 debug pnpm:scope": {
    "selected": 1
  },
  "1 error pnpm": {
    "errno": 1,
    "code": "ELIFECYCLE",
    "pkgid": "my-app@0.1.0",
    "stage": "start",
    "script": "react-scripts start",
    "pkgname": "my-app",
    "err": {
      "name": "pnpm",
      "message": "my-app@0.1.0 start: `react-scripts start`\nExit status 1",
      "code": "ELIFECYCLE",
      "stack": "pnpm: my-app@0.1.0 start: `react-scripts start`\nExit status 1\n    at EventEmitter.<anonymous> (C:\\Users\\wolfy\\AppData\\Roaming\\npm\\node_modules\\pnpm\\dist\\pnpm.cjs:103873:20)\n    at EventEmitter.emit (node:events:390:28)\n    at ChildProcess.<anonymous> (C:\\Users\\wolfy\\AppData\\Roaming\\npm\\node_modules\\pnpm\\dist\\pnpm.cjs:91802:18)\n    at ChildProcess.emit (node:events:390:28)\n    at maybeClose (node:internal/child_process:1064:16)\n    at Process.ChildProcess._handle.onexit (node:internal/child_process:301:5)"
    }
  },
  "2 warn pnpm:global": " Local package.json exists, but node_modules missing, did you mean to install?"
}